0 info it worked if it ends with ok
1 verbose cli [ '/usr/bin/node', '/usr/bin/npm', 'run', 'start' ]
2 info using npm@3.5.2
3 info using node@v8.10.0
4 verbose run-script [ 'prestart', 'start', 'poststart' ]
5 info lifecycle es6Practice@1.0.0~prestart: es6Practice@1.0.0
6 silly lifecycle es6Practice@1.0.0~prestart: no script for prestart, continuing
7 info lifecycle es6Practice@1.0.0~start: es6Practice@1.0.0
8 verbose lifecycle es6Practice@1.0.0~start: unsafe-perm in lifecycle true
9 verbose lifecycle es6Practice@1.0.0~start: PATH: /usr/share/npm/bin/node-gyp-bin:/home/suraj/Documents/es6Practice/node_modules/.bin:/home/suraj/.sdkman/candidates/java/current/bin:/home/suraj/.sdkman/candidates/gradle/current/bin:/opt/gradle/gradle-6.2.1/bin:/usr/local/sbin:/usr/local/bin:/usr/sbin:/usr/bin:/sbin:/bin:/usr/games:/usr/local/games:/snap/bin
10 verbose lifecycle es6Practice@1.0.0~start: CWD: /home/suraj/Documents/es6Practice
11 silly lifecycle es6Practice@1.0.0~start: Args: [ '-c', 'webpack-dev-server --mode development' ]
12 silly lifecycle es6Practice@1.0.0~start: Returned: code: 1  signal: null
13 info lifecycle es6Practice@1.0.0~start: Failed to exec start script
14 verbose stack Error: es6Practice@1.0.0 start: `webpack-dev-server --mode development`
14 verbose stack Exit status 1
14 verbose stack     at EventEmitter.<anonymous> (/usr/share/npm/lib/utils/lifecycle.js:232:16)
14 verbose stack     at emitTwo (events.js:126:13)
14 verbose stack     at EventEmitter.emit (events.js:214:7)
14 verbose stack     at ChildProcess.<anonymous> (/usr/share/npm/lib/utils/spawn.js:24:14)
14 verbose stack     at emitTwo (events.js:126:13)
14 verbose stack     at ChildProcess.emit (events.js:214:7)
14 verbose stack     at maybeClose (internal/child_process.js:925:16)
14 verbose stack     at Process.ChildProcess._handle.onexit (internal/child_process.js:209:5)
15 verbose pkgid es6Practice@1.0.0
16 verbose cwd /home/suraj/Documents/es6Practice
17 error Linux 4.15.0-96-generic
18 error argv "/usr/bin/node" "/usr/bin/npm" "run" "start"
19 error node v8.10.0
20 error npm  v3.5.2
21 error code ELIFECYCLE
22 error es6Practice@1.0.0 start: `webpack-dev-server --mode development`
22 error Exit status 1
23 error Failed at the es6Practice@1.0.0 start script 'webpack-dev-server --mode development'.
23 error Make sure you have the latest version of node.js and npm installed.
23 error If you do, this is most likely a problem with the es6Practice package,
23 error not with npm itself.
23 error Tell the author that this fails on your system:
23 error     webpack-dev-server --mode development
23 error You can get information on how to open an issue for this project with:
23 error     npm bugs es6Practice
23 error Or if that isn't available, you can get their info via:
23 error     npm owner ls es6Practice
23 error There is likely additional logging output above.
24 verbose exit [ 1, true ]
